<?xml version="1.0" encoding="UTF-8"?>
<testsuite xmlns:xsi="http://www.w3.org/2001/XMLSchema-instance" xsi:noNamespaceSchemaLocation="https://maven.apache.org/surefire/maven-surefire-plugin/xsd/surefire-test-report-3.0.xsd" version="3.0" name="progressoft.com.pmm.mapper.ParticipantMapperTest" time="0.041" tests="2" errors="0" skipped="0" failures="0">
  <properties>
    <property name="java.specification.version" value="17"/>
    <property name="sun.jnu.encoding" value="UTF-8"/>
    <property name="java.class.path" value="/home/ghazal/Desktop/SPRING/PMM/target/test-classes:/home/ghazal/Desktop/SPRING/PMM/target/classes:/home/ghazal/.m2/repository/org/springframework/boot/spring-boot-starter-data-jpa/3.2.5/spring-boot-starter-data-jpa-3.2.5.jar:/home/ghazal/.m2/repository/org/springframework/boot/spring-boot-starter-aop/3.2.5/spring-boot-starter-aop-3.2.5.jar:/home/ghazal/.m2/repository/org/aspectj/aspectjweaver/1.9.22/aspectjweaver-1.9.22.jar:/home/ghazal/.m2/repository/org/springframework/boot/spring-boot-starter-jdbc/3.2.5/spring-boot-starter-jdbc-3.2.5.jar:/home/ghazal/.m2/repository/com/zaxxer/HikariCP/5.0.1/HikariCP-5.0.1.jar:/home/ghazal/.m2/repository/org/springframework/spring-jdbc/6.1.6/spring-jdbc-6.1.6.jar:/home/ghazal/.m2/repository/org/hibernate/orm/hibernate-core/6.4.4.Final/hibernate-core-6.4.4.Final.jar:/home/ghazal/.m2/repository/jakarta/persistence/jakarta.persistence-api/3.1.0/jakarta.persistence-api-3.1.0.jar:/home/ghazal/.m2/repository/jakarta/transaction/jakarta.transaction-api/2.0.1/jakarta.transaction-api-2.0.1.jar:/home/ghazal/.m2/repository/org/jboss/logging/jboss-logging/3.5.3.Final/jboss-logging-3.5.3.Final.jar:/home/ghazal/.m2/repository/org/hibernate/common/hibernate-commons-annotations/6.0.6.Final/hibernate-commons-annotations-6.0.6.Final.jar:/home/ghazal/.m2/repository/io/smallrye/jandex/3.1.2/jandex-3.1.2.jar:/home/ghazal/.m2/repository/net/bytebuddy/byte-buddy/1.14.13/byte-buddy-1.14.13.jar:/home/ghazal/.m2/repository/org/glassfish/jaxb/jaxb-runtime/4.0.5/jaxb-runtime-4.0.5.jar:/home/ghazal/.m2/repository/org/glassfish/jaxb/jaxb-core/4.0.5/jaxb-core-4.0.5.jar:/home/ghazal/.m2/repository/org/eclipse/angus/angus-activation/2.0.2/angus-activation-2.0.2.jar:/home/ghazal/.m2/repository/org/glassfish/jaxb/txw2/4.0.5/txw2-4.0.5.jar:/home/ghazal/.m2/repository/com/sun/istack/istack-commons-runtime/4.1.2/istack-commons-runtime-4.1.2.jar:/home/ghazal/.m2/repository/jakarta/inject/jakarta.inject-api/2.0.1/jakarta.inject-api-2.0.1.jar:/home/ghazal/.m2/repository/org/antlr/antlr4-runtime/4.13.0/antlr4-runtime-4.13.0.jar:/home/ghazal/.m2/repository/org/springframework/data/spring-data-jpa/3.2.5/spring-data-jpa-3.2.5.jar:/home/ghazal/.m2/repository/org/springframework/data/spring-data-commons/3.2.5/spring-data-commons-3.2.5.jar:/home/ghazal/.m2/repository/org/springframework/spring-orm/6.1.6/spring-orm-6.1.6.jar:/home/ghazal/.m2/repository/org/springframework/spring-tx/6.1.6/spring-tx-6.1.6.jar:/home/ghazal/.m2/repository/jakarta/annotation/jakarta.annotation-api/2.1.1/jakarta.annotation-api-2.1.1.jar:/home/ghazal/.m2/repository/org/springframework/spring-aspects/6.1.6/spring-aspects-6.1.6.jar:/home/ghazal/.m2/repository/org/springframework/boot/spring-boot-starter-web/3.2.5/spring-boot-starter-web-3.2.5.jar:/home/ghazal/.m2/repository/org/springframework/boot/spring-boot-starter/3.2.5/spring-boot-starter-3.2.5.jar:/home/ghazal/.m2/repository/org/springframework/boot/spring-boot-starter-logging/3.2.5/spring-boot-starter-logging-3.2.5.jar:/home/ghazal/.m2/repository/ch/qos/logback/logback-classic/1.4.14/logback-classic-1.4.14.jar:/home/ghazal/.m2/repository/ch/qos/logback/logback-core/1.4.14/logback-core-1.4.14.jar:/home/ghazal/.m2/repository/org/apache/logging/log4j/log4j-to-slf4j/2.21.1/log4j-to-slf4j-2.21.1.jar:/home/ghazal/.m2/repository/org/apache/logging/log4j/log4j-api/2.21.1/log4j-api-2.21.1.jar:/home/ghazal/.m2/repository/org/slf4j/jul-to-slf4j/2.0.13/jul-to-slf4j-2.0.13.jar:/home/ghazal/.m2/repository/org/yaml/snakeyaml/2.2/snakeyaml-2.2.jar:/home/ghazal/.m2/repository/org/springframework/boot/spring-boot-starter-json/3.2.5/spring-boot-starter-json-3.2.5.jar:/home/ghazal/.m2/repository/com/fasterxml/jackson/datatype/jackson-datatype-jdk8/2.15.4/jackson-datatype-jdk8-2.15.4.jar:/home/ghazal/.m2/repository/com/fasterxml/jackson/datatype/jackson-datatype-jsr310/2.15.4/jackson-datatype-jsr310-2.15.4.jar:/home/ghazal/.m2/repository/com/fasterxml/jackson/module/jackson-module-parameter-names/2.15.4/jackson-module-parameter-names-2.15.4.jar:/home/ghazal/.m2/repository/org/springframework/boot/spring-boot-starter-tomcat/3.2.5/spring-boot-starter-tomcat-3.2.5.jar:/home/ghazal/.m2/repository/org/apache/tomcat/embed/tomcat-embed-core/10.1.20/tomcat-embed-core-10.1.20.jar:/home/ghazal/.m2/repository/org/apache/tomcat/embed/tomcat-embed-websocket/10.1.20/tomcat-embed-websocket-10.1.20.jar:/home/ghazal/.m2/repository/org/springframework/spring-web/6.1.6/spring-web-6.1.6.jar:/home/ghazal/.m2/repository/org/springframework/spring-webmvc/6.1.6/spring-webmvc-6.1.6.jar:/home/ghazal/.m2/repository/org/springframework/boot/spring-boot-devtools/3.2.5/spring-boot-devtools-3.2.5.jar:/home/ghazal/.m2/repository/org/springframework/boot/spring-boot/3.2.5/spring-boot-3.2.5.jar:/home/ghazal/.m2/repository/org/springframework/boot/spring-boot-autoconfigure/3.2.5/spring-boot-autoconfigure-3.2.5.jar:/home/ghazal/.m2/repository/com/h2database/h2/2.2.224/h2-2.2.224.jar:/home/ghazal/.m2/repository/org/springframework/spring-context/6.1.6/spring-context-6.1.6.jar:/home/ghazal/.m2/repository/org/springframework/spring-aop/6.1.6/spring-aop-6.1.6.jar:/home/ghazal/.m2/repository/org/springframework/spring-beans/6.1.6/spring-beans-6.1.6.jar:/home/ghazal/.m2/repository/org/springframework/spring-core/6.1.6/spring-core-6.1.6.jar:/home/ghazal/.m2/repository/org/springframework/spring-jcl/6.1.6/spring-jcl-6.1.6.jar:/home/ghazal/.m2/repository/org/springframework/spring-expression/6.1.6/spring-expression-6.1.6.jar:/home/ghazal/.m2/repository/io/micrometer/micrometer-observation/1.12.5/micrometer-observation-1.12.5.jar:/home/ghazal/.m2/repository/io/micrometer/micrometer-commons/1.12.5/micrometer-commons-1.12.5.jar:/home/ghazal/.m2/repository/org/springframework/boot/spring-boot-starter-validation/3.2.5/spring-boot-starter-validation-3.2.5.jar:/home/ghazal/.m2/repository/org/apache/tomcat/embed/tomcat-embed-el/10.1.20/tomcat-embed-el-10.1.20.jar:/home/ghazal/.m2/repository/org/hibernate/validator/hibernate-validator/8.0.1.Final/hibernate-validator-8.0.1.Final.jar:/home/ghazal/.m2/repository/jakarta/validation/jakarta.validation-api/3.0.2/jakarta.validation-api-3.0.2.jar:/home/ghazal/.m2/repository/org/postgresql/postgresql/42.6.2/postgresql-42.6.2.jar:/home/ghazal/.m2/repository/org/checkerframework/checker-qual/3.31.0/checker-qual-3.31.0.jar:/home/ghazal/.m2/repository/org/projectlombok/lombok/1.18.32/lombok-1.18.32.jar:/home/ghazal/.m2/repository/org/springframework/boot/spring-boot-starter-test/3.2.5/spring-boot-starter-test-3.2.5.jar:/home/ghazal/.m2/repository/org/springframework/boot/spring-boot-test/3.2.5/spring-boot-test-3.2.5.jar:/home/ghazal/.m2/repository/org/springframework/boot/spring-boot-test-autoconfigure/3.2.5/spring-boot-test-autoconfigure-3.2.5.jar:/home/ghazal/.m2/repository/com/jayway/jsonpath/json-path/2.9.0/json-path-2.9.0.jar:/home/ghazal/.m2/repository/jakarta/xml/bind/jakarta.xml.bind-api/4.0.2/jakarta.xml.bind-api-4.0.2.jar:/home/ghazal/.m2/repository/jakarta/activation/jakarta.activation-api/2.1.3/jakarta.activation-api-2.1.3.jar:/home/ghazal/.m2/repository/net/minidev/json-smart/2.5.1/json-smart-2.5.1.jar:/home/ghazal/.m2/repository/net/minidev/accessors-smart/2.5.1/accessors-smart-2.5.1.jar:/home/ghazal/.m2/repository/org/ow2/asm/asm/9.6/asm-9.6.jar:/home/ghazal/.m2/repository/org/assertj/assertj-core/3.24.2/assertj-core-3.24.2.jar:/home/ghazal/.m2/repository/org/awaitility/awaitility/4.2.1/awaitility-4.2.1.jar:/home/ghazal/.m2/repository/org/hamcrest/hamcrest/2.2/hamcrest-2.2.jar:/home/ghazal/.m2/repository/org/junit/jupiter/junit-jupiter/5.10.2/junit-jupiter-5.10.2.jar:/home/ghazal/.m2/repository/org/junit/jupiter/junit-jupiter-api/5.10.2/junit-jupiter-api-5.10.2.jar:/home/ghazal/.m2/repository/org/opentest4j/opentest4j/1.3.0/opentest4j-1.3.0.jar:/home/ghazal/.m2/repository/org/junit/platform/junit-platform-commons/1.10.2/junit-platform-commons-1.10.2.jar:/home/ghazal/.m2/repository/org/apiguardian/apiguardian-api/1.1.2/apiguardian-api-1.1.2.jar:/home/ghazal/.m2/repository/org/junit/jupiter/junit-jupiter-params/5.10.2/junit-jupiter-params-5.10.2.jar:/home/ghazal/.m2/repository/org/junit/jupiter/junit-jupiter-engine/5.10.2/junit-jupiter-engine-5.10.2.jar:/home/ghazal/.m2/repository/org/junit/platform/junit-platform-engine/1.10.2/junit-platform-engine-1.10.2.jar:/home/ghazal/.m2/repository/org/mockito/mockito-core/5.7.0/mockito-core-5.7.0.jar:/home/ghazal/.m2/repository/net/bytebuddy/byte-buddy-agent/1.14.13/byte-buddy-agent-1.14.13.jar:/home/ghazal/.m2/repository/org/objenesis/objenesis/3.3/objenesis-3.3.jar:/home/ghazal/.m2/repository/org/mockito/mockito-junit-jupiter/5.7.0/mockito-junit-jupiter-5.7.0.jar:/home/ghazal/.m2/repository/org/skyscreamer/jsonassert/1.5.1/jsonassert-1.5.1.jar:/home/ghazal/.m2/repository/com/vaadin/external/google/android-json/0.0.20131108.vaadin1/android-json-0.0.20131108.vaadin1.jar:/home/ghazal/.m2/repository/org/springframework/spring-test/6.1.6/spring-test-6.1.6.jar:/home/ghazal/.m2/repository/org/xmlunit/xmlunit-core/2.9.1/xmlunit-core-2.9.1.jar:/home/ghazal/.m2/repository/org/springdoc/springdoc-openapi-ui/1.8.0/springdoc-openapi-ui-1.8.0.jar:/home/ghazal/.m2/repository/org/springdoc/springdoc-openapi-webmvc-core/1.8.0/springdoc-openapi-webmvc-core-1.8.0.jar:/home/ghazal/.m2/repository/org/springdoc/springdoc-openapi-common/1.8.0/springdoc-openapi-common-1.8.0.jar:/home/ghazal/.m2/repository/io/swagger/core/v3/swagger-core/2.2.20/swagger-core-2.2.20.jar:/home/ghazal/.m2/repository/org/webjars/swagger-ui/5.11.8/swagger-ui-5.11.8.jar:/home/ghazal/.m2/repository/org/openapitools/openapi-generator/7.5.0/openapi-generator-7.5.0.jar:/home/ghazal/.m2/repository/io/swagger/parser/v3/swagger-parser/2.1.19/swagger-parser-2.1.19.jar:/home/ghazal/.m2/repository/io/swagger/parser/v3/swagger-parser-v2-converter/2.1.19/swagger-parser-v2-converter-2.1.19.jar:/home/ghazal/.m2/repository/io/swagger/swagger-core/1.6.12/swagger-core-1.6.12.jar:/home/ghazal/.m2/repository/io/swagger/swagger-parser/1.0.68/swagger-parser-1.0.68.jar:/home/ghazal/.m2/repository/io/swagger/swagger-compat-spec-parser/1.0.68/swagger-compat-spec-parser-1.0.68.jar:/home/ghazal/.m2/repository/com/github/java-json-tools/json-schema-validator/2.2.14/json-schema-validator-2.2.14.jar:/home/ghazal/.m2/repository/com/github/java-json-tools/jackson-coreutils-equivalence/1.0/jackson-coreutils-equivalence-1.0.jar:/home/ghazal/.m2/repository/com/github/java-json-tools/json-schema-core/1.2.14/json-schema-core-1.2.14.jar:/home/ghazal/.m2/repository/com/github/java-json-tools/uri-template/0.10/uri-template-0.10.jar:/home/ghazal/.m2/repository/org/mozilla/rhino/1.7.7.2/rhino-1.7.7.2.jar:/home/ghazal/.m2/repository/com/googlecode/libphonenumber/libphonenumber/8.11.1/libphonenumber-8.11.1.jar:/home/ghazal/.m2/repository/net/sf/jopt-simple/jopt-simple/5.0.4/jopt-simple-5.0.4.jar:/home/ghazal/.m2/repository/com/github/java-json-tools/json-patch/1.13/json-patch-1.13.jar:/home/ghazal/.m2/repository/com/github/java-json-tools/msg-simple/1.2/msg-simple-1.2.jar:/home/ghazal/.m2/repository/com/github/java-json-tools/btf/1.3/btf-1.3.jar:/home/ghazal/.m2/repository/com/github/java-json-tools/jackson-coreutils/2.0/jackson-coreutils-2.0.jar:/home/ghazal/.m2/repository/org/apache/httpcomponents/httpclient/4.5.14/httpclient-4.5.14.jar:/home/ghazal/.m2/repository/org/apache/httpcomponents/httpcore/4.4.16/httpcore-4.4.16.jar:/home/ghazal/.m2/repository/commons-logging/commons-logging/1.2/commons-logging-1.2.jar:/home/ghazal/.m2/repository/commons-codec/commons-codec/1.16.1/commons-codec-1.16.1.jar:/home/ghazal/.m2/repository/io/swagger/parser/v3/swagger-parser-core/2.1.19/swagger-parser-core-2.1.19.jar:/home/ghazal/.m2/repository/io/swagger/parser/v3/swagger-parser-v3/2.1.19/swagger-parser-v3-2.1.19.jar:/home/ghazal/.m2/repository/io/swagger/parser/v3/swagger-parser-safe-url-resolver/2.1.19/swagger-parser-safe-url-resolver-2.1.19.jar:/home/ghazal/.m2/repository/com/fasterxml/jackson/dataformat/jackson-dataformat-yaml/2.15.4/jackson-dataformat-yaml-2.15.4.jar:/home/ghazal/.m2/repository/com/samskivert/jmustache/1.15/jmustache-1.15.jar:/home/ghazal/.m2/repository/com/github/jknack/handlebars/4.3.1/handlebars-4.3.1.jar:/home/ghazal/.m2/repository/com/github/jknack/handlebars-jackson2/4.3.1/handlebars-jackson2-4.3.1.jar:/home/ghazal/.m2/repository/commons-io/commons-io/2.11.0/commons-io-2.11.0.jar:/home/ghazal/.m2/repository/org/slf4j/slf4j-ext/2.0.13/slf4j-ext-2.0.13.jar:/home/ghazal/.m2/repository/org/slf4j/slf4j-api/2.0.13/slf4j-api-2.0.13.jar:/home/ghazal/.m2/repository/org/slf4j/slf4j-simple/2.0.13/slf4j-simple-2.0.13.jar:/home/ghazal/.m2/repository/org/apache/commons/commons-lang3/3.13.0/commons-lang3-3.13.0.jar:/home/ghazal/.m2/repository/org/apache/commons/commons-text/1.10.0/commons-text-1.10.0.jar:/home/ghazal/.m2/repository/commons-cli/commons-cli/1.5.0/commons-cli-1.5.0.jar:/home/ghazal/.m2/repository/com/google/guava/guava/32.1.3-jre/guava-32.1.3-jre.jar:/home/ghazal/.m2/repository/com/google/guava/failureaccess/1.0.1/failureaccess-1.0.1.jar:/home/ghazal/.m2/repository/com/google/guava/listenablefuture/9999.0-empty-to-avoid-conflict-with-guava/listenablefuture-9999.0-empty-to-avoid-conflict-with-guava.jar:/home/ghazal/.m2/repository/com/google/code/findbugs/jsr305/3.0.2/jsr305-3.0.2.jar:/home/ghazal/.m2/repository/com/google/errorprone/error_prone_annotations/2.21.1/error_prone_annotations-2.21.1.jar:/home/ghazal/.m2/repository/com/google/j2objc/j2objc-annotations/2.8/j2objc-annotations-2.8.jar:/home/ghazal/.m2/repository/com/fasterxml/jackson/datatype/jackson-datatype-guava/2.15.4/jackson-datatype-guava-2.15.4.jar:/home/ghazal/.m2/repository/com/fasterxml/jackson/core/jackson-core/2.15.4/jackson-core-2.15.4.jar:/home/ghazal/.m2/repository/org/commonmark/commonmark/0.21.0/commonmark-0.21.0.jar:/home/ghazal/.m2/repository/com/github/mifmif/generex/1.0.2/generex-1.0.2.jar:/home/ghazal/.m2/repository/dk/brics/automaton/automaton/1.11-8/automaton-1.11-8.jar:/home/ghazal/.m2/repository/com/github/curious-odd-man/rgxgen/1.4/rgxgen-1.4.jar:/home/ghazal/.m2/repository/com/fasterxml/jackson/core/jackson-databind/2.15.4/jackson-databind-2.15.4.jar:/home/ghazal/.m2/repository/com/fasterxml/jackson/core/jackson-annotations/2.15.4/jackson-annotations-2.15.4.jar:/home/ghazal/.m2/repository/com/fasterxml/jackson/datatype/jackson-datatype-joda/2.15.4/jackson-datatype-joda-2.15.4.jar:/home/ghazal/.m2/repository/joda-time/joda-time/2.10.14/joda-time-2.10.14.jar:/home/ghazal/.m2/repository/com/github/joschi/jackson/jackson-datatype-threetenbp/2.15.2/jackson-datatype-threetenbp-2.15.2.jar:/home/ghazal/.m2/repository/org/threeten/threetenbp/1.6.8/threetenbp-1.6.8.jar:/home/ghazal/.m2/repository/org/openapitools/openapi-generator-core/7.5.0/openapi-generator-core-7.5.0.jar:/home/ghazal/.m2/repository/net/java/dev/jna/jna/5.12.1/jna-5.12.1.jar:/home/ghazal/.m2/repository/com/github/ben-manes/caffeine/caffeine/3.1.8/caffeine-3.1.8.jar:/home/ghazal/.m2/repository/io/springfox/springfox-swagger-ui/3.0.0/springfox-swagger-ui-3.0.0.jar:/home/ghazal/.m2/repository/io/springfox/springfox-spring-webmvc/3.0.0/springfox-spring-webmvc-3.0.0.jar:/home/ghazal/.m2/repository/io/springfox/springfox-spi/3.0.0/springfox-spi-3.0.0.jar:/home/ghazal/.m2/repository/io/springfox/springfox-schema/3.0.0/springfox-schema-3.0.0.jar:/home/ghazal/.m2/repository/io/springfox/springfox-core/3.0.0/springfox-core-3.0.0.jar:/home/ghazal/.m2/repository/io/springfox/springfox-spring-web/3.0.0/springfox-spring-web-3.0.0.jar:/home/ghazal/.m2/repository/io/github/classgraph/classgraph/4.8.83/classgraph-4.8.83.jar:/home/ghazal/.m2/repository/io/springfox/springfox-boot-starter/3.0.0/springfox-boot-starter-3.0.0.jar:/home/ghazal/.m2/repository/io/springfox/springfox-oas/3.0.0/springfox-oas-3.0.0.jar:/home/ghazal/.m2/repository/io/swagger/core/v3/swagger-models/2.1.2/swagger-models-2.1.2.jar:/home/ghazal/.m2/repository/io/springfox/springfox-spring-webflux/3.0.0/springfox-spring-webflux-3.0.0.jar:/home/ghazal/.m2/repository/io/springfox/springfox-swagger-common/3.0.0/springfox-swagger-common-3.0.0.jar:/home/ghazal/.m2/repository/io/springfox/springfox-data-rest/3.0.0/springfox-data-rest-3.0.0.jar:/home/ghazal/.m2/repository/io/springfox/springfox-bean-validators/3.0.0/springfox-bean-validators-3.0.0.jar:/home/ghazal/.m2/repository/io/springfox/springfox-swagger2/3.0.0/springfox-swagger2-3.0.0.jar:/home/ghazal/.m2/repository/io/swagger/swagger-annotations/1.5.20/swagger-annotations-1.5.20.jar:/home/ghazal/.m2/repository/io/swagger/swagger-models/1.5.20/swagger-models-1.5.20.jar:/home/ghazal/.m2/repository/com/fasterxml/classmate/1.6.0/classmate-1.6.0.jar:/home/ghazal/.m2/repository/org/springframework/plugin/spring-plugin-core/2.0.0.RELEASE/spring-plugin-core-2.0.0.RELEASE.jar:/home/ghazal/.m2/repository/org/springframework/plugin/spring-plugin-metadata/2.0.0.RELEASE/spring-plugin-metadata-2.0.0.RELEASE.jar:/home/ghazal/.m2/repository/io/swagger/core/v3/swagger-annotations/2.2.21/swagger-annotations-2.2.21.jar:/home/ghazal/.m2/repository/org/mapstruct/mapstruct/1.5.5.Final/mapstruct-1.5.5.Final.jar:/home/ghazal/.m2/repository/org/mapstruct/mapstruct-processor/1.5.5.Final/mapstruct-processor-1.5.5.Final.jar:"/>
    <property name="java.vm.vendor" value="Oracle Corporation"/>
    <property name="sun.arch.data.model" value="64"/>
    <property name="java.vendor.url" value="https://java.oracle.com/"/>
    <property name="os.name" value="Linux"/>
    <property name="java.vm.specification.version" value="17"/>
    <property name="sun.java.launcher" value="SUN_STANDARD"/>
    <property name="user.country" value="US"/>
    <property name="sun.boot.library.path" value="/home/ghazal/Downloads/jdk-17.0.10/lib"/>
    <property name="sun.java.command" value="/home/ghazal/Desktop/SPRING/PMM/target/surefire/surefirebooter-20240509092423331_3.jar /home/ghazal/Desktop/SPRING/PMM/target/surefire 2024-05-09T09-24-23_278-jvmRun1 surefire-20240509092423331_1tmp surefire_0-20240509092423331_2tmp"/>
    <property name="jdk.debug" value="release"/>
    <property name="surefire.test.class.path" value="/home/ghazal/Desktop/SPRING/PMM/target/test-classes:/home/ghazal/Desktop/SPRING/PMM/target/classes:/home/ghazal/.m2/repository/org/springframework/boot/spring-boot-starter-data-jpa/3.2.5/spring-boot-starter-data-jpa-3.2.5.jar:/home/ghazal/.m2/repository/org/springframework/boot/spring-boot-starter-aop/3.2.5/spring-boot-starter-aop-3.2.5.jar:/home/ghazal/.m2/repository/org/aspectj/aspectjweaver/1.9.22/aspectjweaver-1.9.22.jar:/home/ghazal/.m2/repository/org/springframework/boot/spring-boot-starter-jdbc/3.2.5/spring-boot-starter-jdbc-3.2.5.jar:/home/ghazal/.m2/repository/com/zaxxer/HikariCP/5.0.1/HikariCP-5.0.1.jar:/home/ghazal/.m2/repository/org/springframework/spring-jdbc/6.1.6/spring-jdbc-6.1.6.jar:/home/ghazal/.m2/repository/org/hibernate/orm/hibernate-core/6.4.4.Final/hibernate-core-6.4.4.Final.jar:/home/ghazal/.m2/repository/jakarta/persistence/jakarta.persistence-api/3.1.0/jakarta.persistence-api-3.1.0.jar:/home/ghazal/.m2/repository/jakarta/transaction/jakarta.transaction-api/2.0.1/jakarta.transaction-api-2.0.1.jar:/home/ghazal/.m2/repository/org/jboss/logging/jboss-logging/3.5.3.Final/jboss-logging-3.5.3.Final.jar:/home/ghazal/.m2/repository/org/hibernate/common/hibernate-commons-annotations/6.0.6.Final/hibernate-commons-annotations-6.0.6.Final.jar:/home/ghazal/.m2/repository/io/smallrye/jandex/3.1.2/jandex-3.1.2.jar:/home/ghazal/.m2/repository/net/bytebuddy/byte-buddy/1.14.13/byte-buddy-1.14.13.jar:/home/ghazal/.m2/repository/org/glassfish/jaxb/jaxb-runtime/4.0.5/jaxb-runtime-4.0.5.jar:/home/ghazal/.m2/repository/org/glassfish/jaxb/jaxb-core/4.0.5/jaxb-core-4.0.5.jar:/home/ghazal/.m2/repository/org/eclipse/angus/angus-activation/2.0.2/angus-activation-2.0.2.jar:/home/ghazal/.m2/repository/org/glassfish/jaxb/txw2/4.0.5/txw2-4.0.5.jar:/home/ghazal/.m2/repository/com/sun/istack/istack-commons-runtime/4.1.2/istack-commons-runtime-4.1.2.jar:/home/ghazal/.m2/repository/jakarta/inject/jakarta.inject-api/2.0.1/jakarta.inject-api-2.0.1.jar:/home/ghazal/.m2/repository/org/antlr/antlr4-runtime/4.13.0/antlr4-runtime-4.13.0.jar:/home/ghazal/.m2/repository/org/springframework/data/spring-data-jpa/3.2.5/spring-data-jpa-3.2.5.jar:/home/ghazal/.m2/repository/org/springframework/data/spring-data-commons/3.2.5/spring-data-commons-3.2.5.jar:/home/ghazal/.m2/repository/org/springframework/spring-orm/6.1.6/spring-orm-6.1.6.jar:/home/ghazal/.m2/repository/org/springframework/spring-tx/6.1.6/spring-tx-6.1.6.jar:/home/ghazal/.m2/repository/jakarta/annotation/jakarta.annotation-api/2.1.1/jakarta.annotation-api-2.1.1.jar:/home/ghazal/.m2/repository/org/springframework/spring-aspects/6.1.6/spring-aspects-6.1.6.jar:/home/ghazal/.m2/repository/org/springframework/boot/spring-boot-starter-web/3.2.5/spring-boot-starter-web-3.2.5.jar:/home/ghazal/.m2/repository/org/springframework/boot/spring-boot-starter/3.2.5/spring-boot-starter-3.2.5.jar:/home/ghazal/.m2/repository/org/springframework/boot/spring-boot-starter-logging/3.2.5/spring-boot-starter-logging-3.2.5.jar:/home/ghazal/.m2/repository/ch/qos/logback/logback-classic/1.4.14/logback-classic-1.4.14.jar:/home/ghazal/.m2/repository/ch/qos/logback/logback-core/1.4.14/logback-core-1.4.14.jar:/home/ghazal/.m2/repository/org/apache/logging/log4j/log4j-to-slf4j/2.21.1/log4j-to-slf4j-2.21.1.jar:/home/ghazal/.m2/repository/org/apache/logging/log4j/log4j-api/2.21.1/log4j-api-2.21.1.jar:/home/ghazal/.m2/repository/org/slf4j/jul-to-slf4j/2.0.13/jul-to-slf4j-2.0.13.jar:/home/ghazal/.m2/repository/org/yaml/snakeyaml/2.2/snakeyaml-2.2.jar:/home/ghazal/.m2/repository/org/springframework/boot/spring-boot-starter-json/3.2.5/spring-boot-starter-json-3.2.5.jar:/home/ghazal/.m2/repository/com/fasterxml/jackson/datatype/jackson-datatype-jdk8/2.15.4/jackson-datatype-jdk8-2.15.4.jar:/home/ghazal/.m2/repository/com/fasterxml/jackson/datatype/jackson-datatype-jsr310/2.15.4/jackson-datatype-jsr310-2.15.4.jar:/home/ghazal/.m2/repository/com/fasterxml/jackson/module/jackson-module-parameter-names/2.15.4/jackson-module-parameter-names-2.15.4.jar:/home/ghazal/.m2/repository/org/springframework/boot/spring-boot-starter-tomcat/3.2.5/spring-boot-starter-tomcat-3.2.5.jar:/home/ghazal/.m2/repository/org/apache/tomcat/embed/tomcat-embed-core/10.1.20/tomcat-embed-core-10.1.20.jar:/home/ghazal/.m2/repository/org/apache/tomcat/embed/tomcat-embed-websocket/10.1.20/tomcat-embed-websocket-10.1.20.jar:/home/ghazal/.m2/repository/org/springframework/spring-web/6.1.6/spring-web-6.1.6.jar:/home/ghazal/.m2/repository/org/springframework/spring-webmvc/6.1.6/spring-webmvc-6.1.6.jar:/home/ghazal/.m2/repository/org/springframework/boot/spring-boot-devtools/3.2.5/spring-boot-devtools-3.2.5.jar:/home/ghazal/.m2/repository/org/springframework/boot/spring-boot/3.2.5/spring-boot-3.2.5.jar:/home/ghazal/.m2/repository/org/springframework/boot/spring-boot-autoconfigure/3.2.5/spring-boot-autoconfigure-3.2.5.jar:/home/ghazal/.m2/repository/com/h2database/h2/2.2.224/h2-2.2.224.jar:/home/ghazal/.m2/repository/org/springframework/spring-context/6.1.6/spring-context-6.1.6.jar:/home/ghazal/.m2/repository/org/springframework/spring-aop/6.1.6/spring-aop-6.1.6.jar:/home/ghazal/.m2/repository/org/springframework/spring-beans/6.1.6/spring-beans-6.1.6.jar:/home/ghazal/.m2/repository/org/springframework/spring-core/6.1.6/spring-core-6.1.6.jar:/home/ghazal/.m2/repository/org/springframework/spring-jcl/6.1.6/spring-jcl-6.1.6.jar:/home/ghazal/.m2/repository/org/springframework/spring-expression/6.1.6/spring-expression-6.1.6.jar:/home/ghazal/.m2/repository/io/micrometer/micrometer-observation/1.12.5/micrometer-observation-1.12.5.jar:/home/ghazal/.m2/repository/io/micrometer/micrometer-commons/1.12.5/micrometer-commons-1.12.5.jar:/home/ghazal/.m2/repository/org/springframework/boot/spring-boot-starter-validation/3.2.5/spring-boot-starter-validation-3.2.5.jar:/home/ghazal/.m2/repository/org/apache/tomcat/embed/tomcat-embed-el/10.1.20/tomcat-embed-el-10.1.20.jar:/home/ghazal/.m2/repository/org/hibernate/validator/hibernate-validator/8.0.1.Final/hibernate-validator-8.0.1.Final.jar:/home/ghazal/.m2/repository/jakarta/validation/jakarta.validation-api/3.0.2/jakarta.validation-api-3.0.2.jar:/home/ghazal/.m2/repository/org/postgresql/postgresql/42.6.2/postgresql-42.6.2.jar:/home/ghazal/.m2/repository/org/checkerframework/checker-qual/3.31.0/checker-qual-3.31.0.jar:/home/ghazal/.m2/repository/org/projectlombok/lombok/1.18.32/lombok-1.18.32.jar:/home/ghazal/.m2/repository/org/springframework/boot/spring-boot-starter-test/3.2.5/spring-boot-starter-test-3.2.5.jar:/home/ghazal/.m2/repository/org/springframework/boot/spring-boot-test/3.2.5/spring-boot-test-3.2.5.jar:/home/ghazal/.m2/repository/org/springframework/boot/spring-boot-test-autoconfigure/3.2.5/spring-boot-test-autoconfigure-3.2.5.jar:/home/ghazal/.m2/repository/com/jayway/jsonpath/json-path/2.9.0/json-path-2.9.0.jar:/home/ghazal/.m2/repository/jakarta/xml/bind/jakarta.xml.bind-api/4.0.2/jakarta.xml.bind-api-4.0.2.jar:/home/ghazal/.m2/repository/jakarta/activation/jakarta.activation-api/2.1.3/jakarta.activation-api-2.1.3.jar:/home/ghazal/.m2/repository/net/minidev/json-smart/2.5.1/json-smart-2.5.1.jar:/home/ghazal/.m2/repository/net/minidev/accessors-smart/2.5.1/accessors-smart-2.5.1.jar:/home/ghazal/.m2/repository/org/ow2/asm/asm/9.6/asm-9.6.jar:/home/ghazal/.m2/repository/org/assertj/assertj-core/3.24.2/assertj-core-3.24.2.jar:/home/ghazal/.m2/repository/org/awaitility/awaitility/4.2.1/awaitility-4.2.1.jar:/home/ghazal/.m2/repository/org/hamcrest/hamcrest/2.2/hamcrest-2.2.jar:/home/ghazal/.m2/repository/org/junit/jupiter/junit-jupiter/5.10.2/junit-jupiter-5.10.2.jar:/home/ghazal/.m2/repository/org/junit/jupiter/junit-jupiter-api/5.10.2/junit-jupiter-api-5.10.2.jar:/home/ghazal/.m2/repository/org/opentest4j/opentest4j/1.3.0/opentest4j-1.3.0.jar:/home/ghazal/.m2/repository/org/junit/platform/junit-platform-commons/1.10.2/junit-platform-commons-1.10.2.jar:/home/ghazal/.m2/repository/org/apiguardian/apiguardian-api/1.1.2/apiguardian-api-1.1.2.jar:/home/ghazal/.m2/repository/org/junit/jupiter/junit-jupiter-params/5.10.2/junit-jupiter-params-5.10.2.jar:/home/ghazal/.m2/repository/org/junit/jupiter/junit-jupiter-engine/5.10.2/junit-jupiter-engine-5.10.2.jar:/home/ghazal/.m2/repository/org/junit/platform/junit-platform-engine/1.10.2/junit-platform-engine-1.10.2.jar:/home/ghazal/.m2/repository/org/mockito/mockito-core/5.7.0/mockito-core-5.7.0.jar:/home/ghazal/.m2/repository/net/bytebuddy/byte-buddy-agent/1.14.13/byte-buddy-agent-1.14.13.jar:/home/ghazal/.m2/repository/org/objenesis/objenesis/3.3/objenesis-3.3.jar:/home/ghazal/.m2/repository/org/mockito/mockito-junit-jupiter/5.7.0/mockito-junit-jupiter-5.7.0.jar:/home/ghazal/.m2/repository/org/skyscreamer/jsonassert/1.5.1/jsonassert-1.5.1.jar:/home/ghazal/.m2/repository/com/vaadin/external/google/android-json/0.0.20131108.vaadin1/android-json-0.0.20131108.vaadin1.jar:/home/ghazal/.m2/repository/org/springframework/spring-test/6.1.6/spring-test-6.1.6.jar:/home/ghazal/.m2/repository/org/xmlunit/xmlunit-core/2.9.1/xmlunit-core-2.9.1.jar:/home/ghazal/.m2/repository/org/springdoc/springdoc-openapi-ui/1.8.0/springdoc-openapi-ui-1.8.0.jar:/home/ghazal/.m2/repository/org/springdoc/springdoc-openapi-webmvc-core/1.8.0/springdoc-openapi-webmvc-core-1.8.0.jar:/home/ghazal/.m2/repository/org/springdoc/springdoc-openapi-common/1.8.0/springdoc-openapi-common-1.8.0.jar:/home/ghazal/.m2/repository/io/swagger/core/v3/swagger-core/2.2.20/swagger-core-2.2.20.jar:/home/ghazal/.m2/repository/org/webjars/swagger-ui/5.11.8/swagger-ui-5.11.8.jar:/home/ghazal/.m2/repository/org/openapitools/openapi-generator/7.5.0/openapi-generator-7.5.0.jar:/home/ghazal/.m2/repository/io/swagger/parser/v3/swagger-parser/2.1.19/swagger-parser-2.1.19.jar:/home/ghazal/.m2/repository/io/swagger/parser/v3/swagger-parser-v2-converter/2.1.19/swagger-parser-v2-converter-2.1.19.jar:/home/ghazal/.m2/repository/io/swagger/swagger-core/1.6.12/swagger-core-1.6.12.jar:/home/ghazal/.m2/repository/io/swagger/swagger-parser/1.0.68/swagger-parser-1.0.68.jar:/home/ghazal/.m2/repository/io/swagger/swagger-compat-spec-parser/1.0.68/swagger-compat-spec-parser-1.0.68.jar:/home/ghazal/.m2/repository/com/github/java-json-tools/json-schema-validator/2.2.14/json-schema-validator-2.2.14.jar:/home/ghazal/.m2/repository/com/github/java-json-tools/jackson-coreutils-equivalence/1.0/jackson-coreutils-equivalence-1.0.jar:/home/ghazal/.m2/repository/com/github/java-json-tools/json-schema-core/1.2.14/json-schema-core-1.2.14.jar:/home/ghazal/.m2/repository/com/github/java-json-tools/uri-template/0.10/uri-template-0.10.jar:/home/ghazal/.m2/repository/org/mozilla/rhino/1.7.7.2/rhino-1.7.7.2.jar:/home/ghazal/.m2/repository/com/googlecode/libphonenumber/libphonenumber/8.11.1/libphonenumber-8.11.1.jar:/home/ghazal/.m2/repository/net/sf/jopt-simple/jopt-simple/5.0.4/jopt-simple-5.0.4.jar:/home/ghazal/.m2/repository/com/github/java-json-tools/json-patch/1.13/json-patch-1.13.jar:/home/ghazal/.m2/repository/com/github/java-json-tools/msg-simple/1.2/msg-simple-1.2.jar:/home/ghazal/.m2/repository/com/github/java-json-tools/btf/1.3/btf-1.3.jar:/home/ghazal/.m2/repository/com/github/java-json-tools/jackson-coreutils/2.0/jackson-coreutils-2.0.jar:/home/ghazal/.m2/repository/org/apache/httpcomponents/httpclient/4.5.14/httpclient-4.5.14.jar:/home/ghazal/.m2/repository/org/apache/httpcomponents/httpcore/4.4.16/httpcore-4.4.16.jar:/home/ghazal/.m2/repository/commons-logging/commons-logging/1.2/commons-logging-1.2.jar:/home/ghazal/.m2/repository/commons-codec/commons-codec/1.16.1/commons-codec-1.16.1.jar:/home/ghazal/.m2/repository/io/swagger/parser/v3/swagger-parser-core/2.1.19/swagger-parser-core-2.1.19.jar:/home/ghazal/.m2/repository/io/swagger/parser/v3/swagger-parser-v3/2.1.19/swagger-parser-v3-2.1.19.jar:/home/ghazal/.m2/repository/io/swagger/parser/v3/swagger-parser-safe-url-resolver/2.1.19/swagger-parser-safe-url-resolver-2.1.19.jar:/home/ghazal/.m2/repository/com/fasterxml/jackson/dataformat/jackson-dataformat-yaml/2.15.4/jackson-dataformat-yaml-2.15.4.jar:/home/ghazal/.m2/repository/com/samskivert/jmustache/1.15/jmustache-1.15.jar:/home/ghazal/.m2/repository/com/github/jknack/handlebars/4.3.1/handlebars-4.3.1.jar:/home/ghazal/.m2/repository/com/github/jknack/handlebars-jackson2/4.3.1/handlebars-jackson2-4.3.1.jar:/home/ghazal/.m2/repository/commons-io/commons-io/2.11.0/commons-io-2.11.0.jar:/home/ghazal/.m2/repository/org/slf4j/slf4j-ext/2.0.13/slf4j-ext-2.0.13.jar:/home/ghazal/.m2/repository/org/slf4j/slf4j-api/2.0.13/slf4j-api-2.0.13.jar:/home/ghazal/.m2/repository/org/slf4j/slf4j-simple/2.0.13/slf4j-simple-2.0.13.jar:/home/ghazal/.m2/repository/org/apache/commons/commons-lang3/3.13.0/commons-lang3-3.13.0.jar:/home/ghazal/.m2/repository/org/apache/commons/commons-text/1.10.0/commons-text-1.10.0.jar:/home/ghazal/.m2/repository/commons-cli/commons-cli/1.5.0/commons-cli-1.5.0.jar:/home/ghazal/.m2/repository/com/google/guava/guava/32.1.3-jre/guava-32.1.3-jre.jar:/home/ghazal/.m2/repository/com/google/guava/failureaccess/1.0.1/failureaccess-1.0.1.jar:/home/ghazal/.m2/repository/com/google/guava/listenablefuture/9999.0-empty-to-avoid-conflict-with-guava/listenablefuture-9999.0-empty-to-avoid-conflict-with-guava.jar:/home/ghazal/.m2/repository/com/google/code/findbugs/jsr305/3.0.2/jsr305-3.0.2.jar:/home/ghazal/.m2/repository/com/google/errorprone/error_prone_annotations/2.21.1/error_prone_annotations-2.21.1.jar:/home/ghazal/.m2/repository/com/google/j2objc/j2objc-annotations/2.8/j2objc-annotations-2.8.jar:/home/ghazal/.m2/repository/com/fasterxml/jackson/datatype/jackson-datatype-guava/2.15.4/jackson-datatype-guava-2.15.4.jar:/home/ghazal/.m2/repository/com/fasterxml/jackson/core/jackson-core/2.15.4/jackson-core-2.15.4.jar:/home/ghazal/.m2/repository/org/commonmark/commonmark/0.21.0/commonmark-0.21.0.jar:/home/ghazal/.m2/repository/com/github/mifmif/generex/1.0.2/generex-1.0.2.jar:/home/ghazal/.m2/repository/dk/brics/automaton/automaton/1.11-8/automaton-1.11-8.jar:/home/ghazal/.m2/repository/com/github/curious-odd-man/rgxgen/1.4/rgxgen-1.4.jar:/home/ghazal/.m2/repository/com/fasterxml/jackson/core/jackson-databind/2.15.4/jackson-databind-2.15.4.jar:/home/ghazal/.m2/repository/com/fasterxml/jackson/core/jackson-annotations/2.15.4/jackson-annotations-2.15.4.jar:/home/ghazal/.m2/repository/com/fasterxml/jackson/datatype/jackson-datatype-joda/2.15.4/jackson-datatype-joda-2.15.4.jar:/home/ghazal/.m2/repository/joda-time/joda-time/2.10.14/joda-time-2.10.14.jar:/home/ghazal/.m2/repository/com/github/joschi/jackson/jackson-datatype-threetenbp/2.15.2/jackson-datatype-threetenbp-2.15.2.jar:/home/ghazal/.m2/repository/org/threeten/threetenbp/1.6.8/threetenbp-1.6.8.jar:/home/ghazal/.m2/repository/org/openapitools/openapi-generator-core/7.5.0/openapi-generator-core-7.5.0.jar:/home/ghazal/.m2/repository/net/java/dev/jna/jna/5.12.1/jna-5.12.1.jar:/home/ghazal/.m2/repository/com/github/ben-manes/caffeine/caffeine/3.1.8/caffeine-3.1.8.jar:/home/ghazal/.m2/repository/io/springfox/springfox-swagger-ui/3.0.0/springfox-swagger-ui-3.0.0.jar:/home/ghazal/.m2/repository/io/springfox/springfox-spring-webmvc/3.0.0/springfox-spring-webmvc-3.0.0.jar:/home/ghazal/.m2/repository/io/springfox/springfox-spi/3.0.0/springfox-spi-3.0.0.jar:/home/ghazal/.m2/repository/io/springfox/springfox-schema/3.0.0/springfox-schema-3.0.0.jar:/home/ghazal/.m2/repository/io/springfox/springfox-core/3.0.0/springfox-core-3.0.0.jar:/home/ghazal/.m2/repository/io/springfox/springfox-spring-web/3.0.0/springfox-spring-web-3.0.0.jar:/home/ghazal/.m2/repository/io/github/classgraph/classgraph/4.8.83/classgraph-4.8.83.jar:/home/ghazal/.m2/repository/io/springfox/springfox-boot-starter/3.0.0/springfox-boot-starter-3.0.0.jar:/home/ghazal/.m2/repository/io/springfox/springfox-oas/3.0.0/springfox-oas-3.0.0.jar:/home/ghazal/.m2/repository/io/swagger/core/v3/swagger-models/2.1.2/swagger-models-2.1.2.jar:/home/ghazal/.m2/repository/io/springfox/springfox-spring-webflux/3.0.0/springfox-spring-webflux-3.0.0.jar:/home/ghazal/.m2/repository/io/springfox/springfox-swagger-common/3.0.0/springfox-swagger-common-3.0.0.jar:/home/ghazal/.m2/repository/io/springfox/springfox-data-rest/3.0.0/springfox-data-rest-3.0.0.jar:/home/ghazal/.m2/repository/io/springfox/springfox-bean-validators/3.0.0/springfox-bean-validators-3.0.0.jar:/home/ghazal/.m2/repository/io/springfox/springfox-swagger2/3.0.0/springfox-swagger2-3.0.0.jar:/home/ghazal/.m2/repository/io/swagger/swagger-annotations/1.5.20/swagger-annotations-1.5.20.jar:/home/ghazal/.m2/repository/io/swagger/swagger-models/1.5.20/swagger-models-1.5.20.jar:/home/ghazal/.m2/repository/com/fasterxml/classmate/1.6.0/classmate-1.6.0.jar:/home/ghazal/.m2/repository/org/springframework/plugin/spring-plugin-core/2.0.0.RELEASE/spring-plugin-core-2.0.0.RELEASE.jar:/home/ghazal/.m2/repository/org/springframework/plugin/spring-plugin-metadata/2.0.0.RELEASE/spring-plugin-metadata-2.0.0.RELEASE.jar:/home/ghazal/.m2/repository/io/swagger/core/v3/swagger-annotations/2.2.21/swagger-annotations-2.2.21.jar:/home/ghazal/.m2/repository/org/mapstruct/mapstruct/1.5.5.Final/mapstruct-1.5.5.Final.jar:/home/ghazal/.m2/repository/org/mapstruct/mapstruct-processor/1.5.5.Final/mapstruct-processor-1.5.5.Final.jar:"/>
    <property name="sun.cpu.endian" value="little"/>
    <property name="user.home" value="/home/ghazal"/>
    <property name="user.language" value="en"/>
    <property name="java.specification.vendor" value="Oracle Corporation"/>
    <property name="java.version.date" value="2024-01-16"/>
    <property name="java.home" value="/home/ghazal/Downloads/jdk-17.0.10"/>
    <property name="file.separator" value="/"/>
    <property name="basedir" value="/home/ghazal/Desktop/SPRING/PMM"/>
    <property name="java.vm.compressedOopsMode" value="Zero based"/>
    <property name="line.separator" value="&#10;"/>
    <property name="java.vm.specification.vendor" value="Oracle Corporation"/>
    <property name="java.specification.name" value="Java Platform API Specification"/>
    <property name="surefire.real.class.path" value="/home/ghazal/Desktop/SPRING/PMM/target/surefire/surefirebooter-20240509092423331_3.jar"/>
    <property name="sun.management.compiler" value="HotSpot 64-Bit Tiered Compilers"/>
    <property name="java.runtime.version" value="17.0.10+11-LTS-240"/>
    <property name="user.name" value="ghazal"/>
    <property name="path.separator" value=":"/>
    <property name="os.version" value="6.5.0-1018-oem"/>
    <property name="java.runtime.name" value="Java(TM) SE Runtime Environment"/>
    <property name="file.encoding" value="UTF-8"/>
    <property name="java.vm.name" value="Java HotSpot(TM) 64-Bit Server VM"/>
    <property name="localRepository" value="/home/ghazal/.m2/repository"/>
    <property name="java.vendor.url.bug" value="https://bugreport.java.com/bugreport/"/>
    <property name="java.io.tmpdir" value="/tmp"/>
    <property name="java.version" value="17.0.10"/>
    <property name="user.dir" value="/home/ghazal/Desktop/SPRING/PMM"/>
    <property name="os.arch" value="amd64"/>
    <property name="java.vm.specification.name" value="Java Virtual Machine Specification"/>
    <property name="native.encoding" value="UTF-8"/>
    <property name="java.library.path" value="/usr/java/packages/lib:/usr/lib64:/lib64:/lib:/usr/lib"/>
    <property name="java.vm.info" value="mixed mode, sharing"/>
    <property name="java.vendor" value="Oracle Corporation"/>
    <property name="java.vm.version" value="17.0.10+11-LTS-240"/>
    <property name="sun.io.unicode.encoding" value="UnicodeLittle"/>
    <property name="java.class.version" value="61.0"/>
  </properties>
  <testcase name="should_be_valid_when_maps_to_participant" classname="progressoft.com.pmm.mapper.ParticipantMapperTest" time="0.023"/>
  <testcase name="should_be_valid_when_maps_to_entity" classname="progressoft.com.pmm.mapper.ParticipantMapperTest" time="0.001"/>
</testsuite>